<?xml version="1.0" encoding="UTF-8"?>
<testsuite name="com.bridgelabz.junit.JunitTest" tests="1" skipped="0" failures="0" errors="0" timestamp="2020-04-03T11:29:52" hostname="abc-Lenovo-V130-15IKB" time="0.002">
  <properties/>
  <testcase name="givenMoodAnalyserClass_WhenProper_ShouldReturnObject" classname="com.bridgelabz.junit.JunitTest" time="0.002"/>
  <system-out><![CDATA[]]></system-out>
  <system-err><![CDATA[]]></system-err>
</testsuite>
